          >> MPI run (myId=0, numprocs=1) on processor "pcrod" (time: 14:21:39) <<
              -- Time spent initializing the MPI world (MPI_Barrier): 0.015 s


     *****************************************************************************
     ***         MC-GPU, version 1.4_DBT (http://code.google.com/p/mcgpu/)         ***
     ***                                                                       ***
     ***  A. Badal and A. Badano, "Accelerating Monte Carlo simulations of     *** 
     ***  photon transport in a voxelized geometry using a massively parallel  *** 
     ***  Graphics Processing Unit", Medical Physics 36, pp. 4878–4880 (2009)  ***
     ***                                                                       ***
     ***                     Andreu Badal (Andreu.Badal-Soler@fda.hhs.gov)     ***
     *****************************************************************************

****** Code execution started on: Thu Jul  2 14:21:39 2020



             *** CUDA SIMULATION IN THE GPU ***

    -- INITIALIZATION phase:

    -- Reading the input file 'simulation.in':
       Input Euler angles to rotate the source from (0,1,0) to the input direction [deg]: rotZ1=90.000000 , rotY2=-90.000000 , rotZ3=180.000000
       Material dose deposition tally ENABLED.
       3D voxel dose deposition tally DISABLED.

       3D PSF tally ENABLED.

       Voxel value to Monte Carlo material number conversion table (material number corresponds to order in input file):
		voxelId = 0  -->  Material = 1
		voxelId = 1  -->  Material = 2
		voxelId = 2  -->  Material = 3
		voxelId = 29  -->  Material = 4
		voxelId = 30  -->  Material = 17
		voxelId = 33  -->  Material = 5
		voxelId = 40  -->  Material = 7
		voxelId = 50  -->  Material = 11
		voxelId = 51  -->  Material = 16
		voxelId = 52  -->  Material = 18
		voxelId = 65  -->  Material = 14
		voxelId = 66  -->  Material = 15
		voxelId = 88  -->  Material = 6
		voxelId = 95  -->  Material = 10
		voxelId = 125  -->  Material = 8
		voxelId = 150  -->  Material = 9
		voxelId = 200  -->  Material = 12
		voxelId = 225  -->  Material = 9
		voxelId = 250  -->  Material = 13

       Rotations from the detector plane to default detector plane at Y=0 [deg]: rotZ=-180.000000 , rotY=90.000000 , rotZ=-90.000000
       Array for 4 scatter images correctly allocated (145600 pixels, 4.443359 Mbytes)
    -- Reading the energy spectrum and initializing the Walker aliasing sampling algorithm.

    -- Data read from the input file:
              x-ray tracks to simulate = 23000000000
                   initial random seed = 123456789
      NOTE: sampling only upper half of collimated cone beam, with beam offset to edge of the image (eg, mammo).
      azimuthal (phi), polar apertures = 22.286001 , 11.976000 degrees
              (max_height_at_y1cm = 0.212119 , max_width_at_y1cm = 0.196972)
                      source direction = (0.000000, 0.000000, -1.000000)
                   focal spot position = (0.000010, 13.000000, 64.699997)
         focal spot Gaussian blur FWHM = 0.000000  (3D Gaussian dist. cropped at 2*sigma)
              focal spot rotation blur = 0.000000 degrees
              source-detector distance = 66.000000 cm
              detector center position = (0.000010, 13.000000, -1.300003)
      image offset from beam at center = (0.000000, 7.000000)
              detector layer thickness = 0.025000 cm (=250.00 micron)
         detector material average MFP = 0.004027 cm
       detector material K-edge energy = 12658.000000 eV
         fluorescence energy and yield = 11223.000000 eV , 0.596000
            MFP at fluorescence energy = 0.005930 cm
        detector gain and Swank factor = 50.000000 eV/detected_charge, 0.990000 (0.100504 relative std_dev)
            electronic noise per pixel = 5200.000000 electrons
              detector cover thickness = 0.100000 cm
          cover average mean free path = 2.658880 cm
                Antiscatter grid ratio = 5.000000
            Antiscatter grid frequency = 31.000000 lines per cm
      Antiscatter grid strip thickness = 0.006500 cm (=65.00 micron)
      Computed antiscatter grid height = 0.128790 cm (=1287.90 micron)
         strips average mean free path = 0.000899 cm
     interspace average mean free path = 1.961600 cm
          Antiscatter grid orientation = 0 --> 1D collimated grid with strips perpendicular to lateral direction (mammo style)
                number of pixels image = 520x280 = 145600
                            pixel size = 0.05000x0.05000 cm
                         detector size = 26.00000x14.00000 cm
                 number of projections = 3
         source-rotation axis-distance = 60.000000 cm
             angle between projections = 2.083333
                  initial angle offset = -25.000000
                        rotation point = (0.000010, 13.000000, 4.699997)
                      axis of rotation = (1.000000, 0.000000, 0.000000)
              translation between proj = 0.000000
                     output image file = images/mcgpu_image
                      input voxel file = phantoms/pc_1344613780_crop_res.raw.gz
                 voxel geometry offset = (0.000000, 0.000000, 0.000000) cm
   size coarse voxels for binary trees = 0 x 0 x 0

                  energy spectrum file = spectrum/w_rh_28.txt
            number of energy bins read = 55
             minimum, maximum energies = 1.000, 28.000 keV
                  mean energy spectrum = 18.434 keV


    -- Setting the parameters of the sources and detectors for the 3 tomographic projections (MAX_NUM_PROJECTIONS=720):

         "flag_detectorFixed==true": the detector will stay fixed at 0 deg position (as in DBT acquisition).

         << Projection #1 >>	 Angle=-25.00000 degrees
                             	 Source position=(0.00001000,38.35709381,59.07846069), direction=(0.00000000,-0.42261827,-0.90630776)
                             	 Detector center=(0.00001000,13.00000000,-1.30000305)
         << Projection #2 >>	 Angle=-22.91667 degrees
                             	 Source position=(0.00001000,36.36351395,59.96432877), direction=(0.00000000,-0.38939190,-0.92107219)
                             	 Detector center=(0.00001000,13.00000000,-1.30000305)
         << Projection #3 >>	 Angle=-20.83333 degrees
                             	 Source position=(0.00001000,34.33904648,60.77713394), direction=(0.00000000,-0.35565078,-0.93461895)
                             	 Detector center=(0.00001000,13.00000000,-1.30000305)

    -- Reading binary voxel file in RAW format from file 'phantoms/pc_1344613780_crop_res.raw.gz':
       Number of voxels in the geometry file (input file parameter):  280 x 520 x 107 = 15579200 voxels
       Voxel size (input file parameter):  0.050000 x 0.050000 x 0.050000 cm  (voxel volume=1.250000e-04 cm^3)
       Voxel bounding box size:  14.000000 x 26.000000 x 5.350000 cm


!!WARNING!! HARDCODED CONVERSION TABLE FROM MATERIAL NUMBER TO DENSITY (kernel function "density_LUT") !!DeBuG!!



    -- !!FixedDensity_DBT!! Initializing the voxel material vector, density taken from look up table:  (59.429932 Mbytes)...

       !!bitree!! Binary tree structure disabled: standard voxelized geometry in use.

       >> RAM memory allocation: voxelized geometry = 59.429932 MBytes; image vector = 4.443359 MBytes; data structures = 1.774046 Mbytes

    -- Reading the material data files (MAX_MATERIALS=18):
         Mat 1: File 'Materials/air_nist.mcgpu.gz'
                Nominal density = 0.001205 g/cm^3; Density used in voxels = 0.001205 g/cm^3
                Number of energy values in the mean free path database: 24801.
                Linear interpolation data correctly allocated (10.406914 Mbytes)
                Lowest energy first bin = 1000.000000 eV, last bin = 125000.000000 eV; bin width = 5.000000 eV
         Mat 2: File 'Materials/adipose.mcgpu.gz'
                Nominal density = 0.930000 g/cm^3; Density used in voxels = 0.930000 g/cm^3
         Mat 3: File 'Materials/skin.mcgpu.gz'
                Nominal density = 1.090000 g/cm^3; Density used in voxels = 1.090000 g/cm^3
         Mat 4: File 'Materials/glandular.mcgpu.gz'
                Nominal density = 1.040000 g/cm^3; Density used in voxels = 1.040000 g/cm^3
         Mat 5: File 'Materials/skin.mcgpu.gz'
                Nominal density = 1.090000 g/cm^3; Density used in voxels = 1.090000 g/cm^3
         Mat 6: File 'Materials/connective.mcgpu.gz'
                Nominal density = 1.120000 g/cm^3; Density used in voxels = 1.120000 g/cm^3
         Mat 7: File 'Materials/muscle.mcgpu.gz'
                This material is not used in any voxel.
         Mat 8: File 'Materials/muscle.mcgpu.gz'
                Nominal density = 1.040000 g/cm^3; Density used in voxels = 1.040000 g/cm^3
         Mat 9: File 'Materials/blood.mcgpu.gz'
                Nominal density = 1.060000 g/cm^3; Density used in voxels = 1.060000 g/cm^3
         Mat 10: File 'Materials/muscle.mcgpu.gz'
                Nominal density = 1.040000 g/cm^3; Density used in voxels = 1.040000 g/cm^3
         Mat 11: File 'Materials/polystyrene_nist.mcgpu.gz'
                This material is not used in any voxel.
         Mat 12: File 'Materials/lesion.mcgpu.gz'
                This material is not used in any voxel.
         Mat 13: File 'Materials/calcification.mcgpu.gz'
                This material is not used in any voxel.
         Mat 14: File 'Materials/w.mcgpu.gz'
                This material is not used in any voxel.
         Mat 15: File 'Materials/ase.mcgpu.gz'
                This material is not used in any voxel.
         Mat 16: File 'Materials/pmma_nist.mcgpu.gz'
                Nominal density = 1.190000 g/cm^3; Density used in voxels = 1.190000 g/cm^3
         Mat 17: File 'Materials/breast_g50.mcgpu.gz'
                This material is not used in any voxel.
         Mat 18: File 'Materials/carbon.mcgpu.gz'
                This material is not used in any voxel.


  !!WARNING!! The selected GPU number is too high, this device number does not exist!! GPU_id (starting at 0)=10, deviceCount=1
            Selecting the fastest GPU available using gpuGetMaxGflopsDeviceId(): GPU_id = 0


       ==> CUDA (MPI process #0): 1 CUDA enabled GPU detected! Using device #0: "GeForce GTX 1060 6GB"
                 Compute capability: 6.1, Number multiprocessors: 10
                 Clock rate: 1.71 GHz, Global memory: 6073.188 Mbyte, Constant memory: 64.00 kbyte
                 Shared memory per block: 48.00 kbyte, Registers per block: 64.00 kbyte
                 CUDA Driver Version: 10.20, Runtime Version: 10.0




   !!WARNING!! The selected GPU is connected to a display and therefore CUDA driver will limit the kernel run time to 5 seconds and the simulation will likely fail!!
              You can fix this by executing the simulation in a different GPU (select number in the input file) or by turning off the window manager and using the text-only Linux shell.


       ==> CUDA: Constant data successfully copied to the device. CONSTANT memory used: 0.457031 kbytes (0.7%)
       ==> CUDA: Device global memory correctly allocated. GLOBAL memory used: 76.054985 Mbytes (1.3%)
       ==> CUDA: Launching kernel to initialize the device image to 0: number of blocks = 1138, threads per block = 128
                 Time spent allocating and copying memory to the device: 0.126698 s

    -- INITIALIZATION finished: elapsed time = 0.904 s. 



    -- MONTE CARLO LOOP phase. Time: Thu Jul  2 14:21:40 2020






   << Simulating tomographic projection 1 of 3 >> Angle: -25.000000 degrees.



        ==> CUDA (MPI process #0 in "pcrod"): Executing 35938 blocks of 128 threads, with 5000 histories in each thread: 23000320000 histories in total (random seed=123456789, num_p=1).


          *** IMAGE TALLY PERFORMANCE REPORT ***
              Tomographic projection 1 of 3: acquisition angle = -25.000000 
              Simulated x rays:    23000320000
              Simulation time [s]: 1318.70
              Speed [x-rays/s]:    17441724.00

              Fraction of initial energy arriving at the detector (over the mean energy of the spectrum):  28.302%
              Maximum energy fluence detected in pixel 29701: (x,y)=(61,57). Maximum pixel value = 38.034949 eV/cm^2 per hist.

       ==> CUDA: Launching kernel to reset the device image to 0: number of blocks = 1138, threads per block = 128




   << Simulating tomographic projection 2 of 3 >> Angle: -22.916668 degrees.



        ==> CUDA (MPI process #0 in "pcrod"): Executing 35938 blocks of 128 threads, with 5000 histories in each thread: 23000320000 histories in total (random seed=1637917569, num_p=2).


          *** IMAGE TALLY PERFORMANCE REPORT ***
              Tomographic projection 2 of 3: acquisition angle = -22.916668 
              Simulated x rays:    23000320000
              Simulation time [s]: 1306.27
              Speed [x-rays/s]:    17607620.12

              Fraction of initial energy arriving at the detector (over the mean energy of the spectrum):  29.264%
              Maximum energy fluence detected in pixel 25014: (x,y)=(54,48). Maximum pixel value = 38.018430 eV/cm^2 per hist.

       ==> CUDA: Launching kernel to reset the device image to 0: number of blocks = 1138, threads per block = 128




   << Simulating tomographic projection 3 of 3 >> Angle: -20.833334 degrees.



        ==> CUDA (MPI process #0 in "pcrod"): Executing 35938 blocks of 128 threads, with 5000 histories in each thread: 23000320000 histories in total (random seed=188455625, num_p=3).


          *** IMAGE TALLY PERFORMANCE REPORT ***
              Tomographic projection 3 of 3: acquisition angle = -20.833334 
              Simulated x rays:    23000320000
              Simulation time [s]: 1308.79
              Speed [x-rays/s]:    17573677.84

              Fraction of initial energy arriving at the detector (over the mean energy of the spectrum):  30.244%
              Maximum energy fluence detected in pixel 23464: (x,y)=(64,45). Maximum pixel value = 37.878331 eV/cm^2 per hist.

       ==> CUDA: Time freeing the device memory and ending the GPU threads: 0.039342 s
        >> MPI thread 0 in "pcrod" done! (local time: 15:27:17)


          *** MATERIALS TOTAL DOSE TALLY REPORT ***

              Dose deposited in each material defined in the input file (tallied directly per material, not per voxel):
              The results of this tally should be equal to the voxel tally doses for an ROI covering all voxels.
              Total number of simulated x rays: 69000960000
              Simulated x rays for each of 3 projections:  23000320000

	 [MAT]  [DOSE eV/g/hist]  [2*std_dev]  [Rel_error 2*std_dev, %]  [E_dep eV/hist]  [DOSE mGy]  [Material mass g]  [Material file name]
	======================================================================================================================================
	1	28.78567		0.00453		0.02		40.76		0.31823		1.41606		air_nist.mcgpu.gz
	2	7.58967		0.00013		0.00		3168.56		0.08391		417.48316		adipose.mcgpu.gz
	3	23.28429		0.00075		0.00		943.96		0.25741		40.54064		skin.mcgpu.gz
	4	10.12332		0.00028		0.00		1331.56		0.11192		131.53374		glandular.mcgpu.gz
	5	26.35105		0.01298		0.05		4.30		0.29132		0.16309		skin.mcgpu.gz
	6	11.96368		0.00100		0.01		151.73		0.13226		12.68218		connective.mcgpu.gz
	7	0.00000		0.00000		0.00		0.00		0.00000		0.00000		muscle.mcgpu.gz
	8	14.03194		0.00519		0.04		7.93		0.15513		0.56524		muscle.mcgpu.gz
	9	10.91493		0.00238		0.02		22.62		0.12067		2.07243		blood.mcgpu.gz
	10	11.70650		0.01106		0.09		1.22		0.12942		0.10439		muscle.mcgpu.gz
	11	0.00000		0.00000		0.00		0.00		0.00000		0.00000		polystyrene_nist.mcgpu.gz
	12	0.00000		0.00000		0.00		0.00		0.00000		0.00000		lesion.mcgpu.gz
	13	0.00000		0.00000		0.00		0.00		0.00000		0.00000		calcification.mcgpu.gz
	14	0.00000		0.00000		0.00		0.00		0.00000		0.00000		w.mcgpu.gz
	15	0.00000		0.00000		0.00		0.00		0.00000		0.00000		ase.mcgpu.gz
	16	17.46049		0.00029		0.00		3025.28		0.19303		173.26401		pmma_nist.mcgpu.gz
	17	0.00000		0.00000		0.00		0.00		0.00000		0.00000		breast_g50.mcgpu.gz
	18	0.00000		0.00000		0.00		0.00		0.00000		0.00000		carbon.mcgpu.gz

     WARNING: it is possible that the unsigned long long int counter used to tally the standard deviation overflowed (>2^64).
              The standard deviation may be incorrectly measured, but it will surely be very small (<< 1%).
              Max counter (mat=2): E_dep = 21863356327621331 , E_dep^2 = 3986559914588616338



       ==> CUDA: Time reporting the dose data: 0.000085 s



    -- SIMULATION FINISHED!


       ****** TOTAL SIMULATION PERFORMANCE (including initialization and reporting) ******

          >>> Execution time including initialization, transport and report: 3935.022 s.
          >>> Time spent in the Monte Carlo transport only: 3933.760 s.
          >>> Time spent in initialization, reporting and clean up: 1.262 s.
          >>> Total number of simulated x rays:  69000960000
          >>> Total speed (using 1 thread, including transport, initialization and report times) [x-rays/s]:  17535088.42
          >>> Total speed Monte Carlo transport only (using 1 thread) [x-rays/s]:  17540714.69


****** Code execution finished on: Thu Jul  2 15:27:17 2020


